<?xml version="1.0" encoding="UTF-8"?>
<!-- Generated by org.testng.reporters.JUnitReportReporter -->
<testsuite hostname="SumedhKrishna" failures="0" tests="1" name="com.techPanda.TestCases.TestCase_006" time="47.038" errors="0" timestamp="2023-06-07T23:05:23 EDT" skipped="0">
  <testcase classname="com.techPanda.TestCases.TestCase_006" name="testCase_006" time="47.038"/>
  <system-out/>
</testsuite> <!-- com.techPanda.TestCases.TestCase_006 -->
