<?xml version="1.0" encoding="UTF-8"?>
<!-- Generated by org.testng.reporters.JUnitReportReporter -->
<testsuite hostname="SumedhKrishna" failures="0" tests="1" name="com.techPanda.TestCases.TestCase_005" time="4.618" errors="0" timestamp="2023-06-07T22:57:08 EDT" skipped="0">
  <testcase classname="com.techPanda.TestCases.TestCase_005" name="testCase_005" time="4.618"/>
  <system-out/>
</testsuite> <!-- com.techPanda.TestCases.TestCase_005 -->
