<?xml version="1.0" encoding="UTF-8"?>
<!-- Generated by org.testng.reporters.JUnitReportReporter -->
<testsuite hostname="SumedhKrishna" failures="0" tests="1" name="com.techPanda.TestCases.TestCase_008" time="56.154" errors="0" timestamp="2023-06-07T23:13:04 EDT" skipped="0">
  <testcase classname="com.techPanda.TestCases.TestCase_008" name="testCase_008" time="56.154"/>
  <system-out/>
</testsuite> <!-- com.techPanda.TestCases.TestCase_008 -->
